<?xml version="1.0" encoding="UTF-8"?>
<!-- Generated by org.testng.reporters.JUnitXMLReporter -->
<testsuite hostname="SHASHANK" ignored="9" name="Test" tests="2" failures="0" timestamp="2022-08-22T16:24:44 IST" time="57.8" errors="0">
  <testcase name="DeleteProduct" time="23.986" classname="com.crm.sdet.products.DeleteProductTest"/>
  <testcase name="CreateCampaigns" time="17.332" classname="com.crm.sdet.campaigns.CreateCampaignTest"/>
  <testcase name="CreateOrganization" time="0.0" classname="com.crm.sdet.organization.CreateOrganizationTest">
    <ignored/>
  </testcase> <!-- CreateOrganization -->
  <testcase name="@BeforeSuite BS" time="0.0" classname="comcast.vtiger.genericUtility.BaseClass">
    <ignored/>
  </testcase> <!-- @BeforeSuite BS -->
  <testcase name="@BeforeSuite BS" time="0.0" classname="comcast.vtiger.genericUtility.BaseClass">
    <ignored/>
  </testcase> <!-- @BeforeSuite BS -->
  <testcase name="@AfterTest AT" time="0.0" classname="comcast.vtiger.genericUtility.BaseClass">
    <ignored/>
  </testcase> <!-- @AfterTest AT -->
  <testcase name="@AfterTest AT" time="0.0" classname="comcast.vtiger.genericUtility.BaseClass">
    <ignored/>
  </testcase> <!-- @AfterTest AT -->
  <testcase name="@BeforeTest BT" time="0.0" classname="comcast.vtiger.genericUtility.BaseClass">
    <ignored/>
  </testcase> <!-- @BeforeTest BT -->
  <testcase name="@BeforeTest BT" time="0.0" classname="comcast.vtiger.genericUtility.BaseClass">
    <ignored/>
  </testcase> <!-- @BeforeTest BT -->
  <testcase name="@AfterSuite AS" time="0.0" classname="comcast.vtiger.genericUtility.BaseClass">
    <ignored/>
  </testcase> <!-- @AfterSuite AS -->
  <testcase name="@AfterSuite AS" time="0.0" classname="comcast.vtiger.genericUtility.BaseClass">
    <ignored/>
  </testcase> <!-- @AfterSuite AS -->
</testsuite> <!-- Test -->
