<?xml version="1.0" encoding="UTF-8"?>
<testng-results ignored="0" total="1" passed="1" failed="0" skipped="0">
  <reporter-output>
  </reporter-output>
  <suite started-at="2022-08-31T19:20:46 IST" name="Default suite" finished-at="2022-08-31T19:21:19 IST" duration-ms="33839">
    <groups>
      <group name="regressionTest">
        <method signature="CampaignwithProductnameTest.CampaignwithProductname()[pri:0, instance:com.crm.sdet.campaigns.CampaignwithProductnameTest@4b45a2f5]" name="CampaignwithProductname" class="com.crm.sdet.campaigns.CampaignwithProductnameTest"/>
      </group> <!-- regressionTest -->
    </groups>
    <test started-at="2022-08-31T19:20:46 IST" name="Default test" finished-at="2022-08-31T19:21:19 IST" duration-ms="33839">
      <class name="com.crm.sdet.campaigns.CampaignwithProductnameTest">
        <test-method is-config="true" signature="BS()[pri:0, instance:com.crm.sdet.campaigns.CampaignwithProductnameTest@4b45a2f5]" started-at="2022-08-31T19:20:46 IST" name="BS" finished-at="2022-08-31T19:20:46 IST" duration-ms="6" status="PASS">
          <reporter-output>
          </reporter-output>
        </test-method> <!-- BS -->
        <test-method is-config="true" signature="BT()[pri:0, instance:com.crm.sdet.campaigns.CampaignwithProductnameTest@4b45a2f5]" started-at="2022-08-31T19:20:46 IST" name="BT" finished-at="2022-08-31T19:20:46 IST" duration-ms="0" status="PASS">
          <reporter-output>
          </reporter-output>
        </test-method> <!-- BT -->
        <test-method is-config="true" signature="BC()[pri:0, instance:com.crm.sdet.campaigns.CampaignwithProductnameTest@4b45a2f5]" started-at="2022-08-31T19:20:46 IST" name="BC" finished-at="2022-08-31T19:20:47 IST" duration-ms="1737" status="PASS">
          <reporter-output>
          </reporter-output>
        </test-method> <!-- BC -->
        <test-method is-config="true" signature="BM()[pri:0, instance:com.crm.sdet.campaigns.CampaignwithProductnameTest@4b45a2f5]" started-at="2022-08-31T19:20:47 IST" name="BM" finished-at="2022-08-31T19:20:52 IST" duration-ms="4946" status="PASS">
          <reporter-output>
          </reporter-output>
        </test-method> <!-- BM -->
        <test-method signature="CampaignwithProductname()[pri:0, instance:com.crm.sdet.campaigns.CampaignwithProductnameTest@4b45a2f5]" started-at="2022-08-31T19:20:52 IST" name="CampaignwithProductname" finished-at="2022-08-31T19:21:19 IST" duration-ms="27122" status="PASS">
          <reporter-output>
          </reporter-output>
        </test-method> <!-- CampaignwithProductname -->
        <test-method is-config="true" signature="AM()[pri:0, instance:com.crm.sdet.campaigns.CampaignwithProductnameTest@4b45a2f5]" started-at="2022-08-31T19:21:19 IST" name="AM" finished-at="2022-08-31T19:21:19 IST" duration-ms="0" status="PASS">
          <reporter-output>
          </reporter-output>
        </test-method> <!-- AM -->
        <test-method is-config="true" signature="AC()[pri:0, instance:com.crm.sdet.campaigns.CampaignwithProductnameTest@4b45a2f5]" started-at="2022-08-31T19:21:19 IST" name="AC" finished-at="2022-08-31T19:21:19 IST" duration-ms="1" status="PASS">
          <reporter-output>
          </reporter-output>
        </test-method> <!-- AC -->
        <test-method is-config="true" signature="AT()[pri:0, instance:com.crm.sdet.campaigns.CampaignwithProductnameTest@4b45a2f5]" started-at="2022-08-31T19:21:19 IST" name="AT" finished-at="2022-08-31T19:21:19 IST" duration-ms="1" status="PASS">
          <reporter-output>
          </reporter-output>
        </test-method> <!-- AT -->
        <test-method is-config="true" signature="AS()[pri:0, instance:com.crm.sdet.campaigns.CampaignwithProductnameTest@4b45a2f5]" started-at="2022-08-31T19:21:19 IST" name="AS" finished-at="2022-08-31T19:21:19 IST" duration-ms="1" status="PASS">
          <reporter-output>
          </reporter-output>
        </test-method> <!-- AS -->
      </class> <!-- com.crm.sdet.campaigns.CampaignwithProductnameTest -->
    </test> <!-- Default test -->
  </suite> <!-- Default suite -->
</testng-results>
