<?xml version="1.0" encoding="UTF-8"?>
<!-- Generated by org.testng.reporters.JUnitXMLReporter -->
<testsuite hostname="SHASHANK" ignored="16" name="Command line test" tests="5" failures="0" timestamp="2022-08-22T16:08:09 IST" time="174.64" errors="0">
  <testcase name="CampaignwithProductname" time="38.955" classname="com.crm.sdet.campaigns.CampaignwithProductnameTest"/>
  <testcase name="CreateCampaigns" time="20.476" classname="com.crm.sdet.campaigns.CreateCampaignTest"/>
  <testcase name="CreateOrganization" time="20.529" classname="com.crm.sdet.organization.CreateOrganizationTest"/>
  <testcase name="CreateProduct" time="20.501" classname="com.crm.sdet.products.CreateProductTest"/>
  <testcase name="DeleteProduct" time="26.515" classname="com.crm.sdet.products.DeleteProductTest"/>
  <testcase name="@BeforeSuite BS" time="0.0" classname="comcast.vtiger.genericUtility.BaseClass">
    <ignored/>
  </testcase> <!-- @BeforeSuite BS -->
  <testcase name="@BeforeSuite BS" time="0.0" classname="comcast.vtiger.genericUtility.BaseClass">
    <ignored/>
  </testcase> <!-- @BeforeSuite BS -->
  <testcase name="@BeforeSuite BS" time="0.0" classname="comcast.vtiger.genericUtility.BaseClass">
    <ignored/>
  </testcase> <!-- @BeforeSuite BS -->
  <testcase name="@BeforeSuite BS" time="0.0" classname="comcast.vtiger.genericUtility.BaseClass">
    <ignored/>
  </testcase> <!-- @BeforeSuite BS -->
  <testcase name="@AfterTest AT" time="0.0" classname="comcast.vtiger.genericUtility.BaseClass">
    <ignored/>
  </testcase> <!-- @AfterTest AT -->
  <testcase name="@AfterTest AT" time="0.0" classname="comcast.vtiger.genericUtility.BaseClass">
    <ignored/>
  </testcase> <!-- @AfterTest AT -->
  <testcase name="@AfterTest AT" time="0.0" classname="comcast.vtiger.genericUtility.BaseClass">
    <ignored/>
  </testcase> <!-- @AfterTest AT -->
  <testcase name="@AfterTest AT" time="0.0" classname="comcast.vtiger.genericUtility.BaseClass">
    <ignored/>
  </testcase> <!-- @AfterTest AT -->
  <testcase name="@BeforeTest BT" time="0.0" classname="comcast.vtiger.genericUtility.BaseClass">
    <ignored/>
  </testcase> <!-- @BeforeTest BT -->
  <testcase name="@BeforeTest BT" time="0.0" classname="comcast.vtiger.genericUtility.BaseClass">
    <ignored/>
  </testcase> <!-- @BeforeTest BT -->
  <testcase name="@BeforeTest BT" time="0.0" classname="comcast.vtiger.genericUtility.BaseClass">
    <ignored/>
  </testcase> <!-- @BeforeTest BT -->
  <testcase name="@BeforeTest BT" time="0.0" classname="comcast.vtiger.genericUtility.BaseClass">
    <ignored/>
  </testcase> <!-- @BeforeTest BT -->
  <testcase name="@AfterSuite AS" time="0.0" classname="comcast.vtiger.genericUtility.BaseClass">
    <ignored/>
  </testcase> <!-- @AfterSuite AS -->
  <testcase name="@AfterSuite AS" time="0.0" classname="comcast.vtiger.genericUtility.BaseClass">
    <ignored/>
  </testcase> <!-- @AfterSuite AS -->
  <testcase name="@AfterSuite AS" time="0.0" classname="comcast.vtiger.genericUtility.BaseClass">
    <ignored/>
  </testcase> <!-- @AfterSuite AS -->
  <testcase name="@AfterSuite AS" time="0.0" classname="comcast.vtiger.genericUtility.BaseClass">
    <ignored/>
  </testcase> <!-- @AfterSuite AS -->
</testsuite> <!-- Command line test -->
